0 info it worked if it ends with ok
1 verbose cli [ 'D:\\Program Files\\nodejs\\\\node.exe',
1 verbose cli   'D:\\Program Files\\nodejs\\node_modules\\npm\\bin\\npm-cli.js',
1 verbose cli   'install' ]
2 info using npm@1.4.21
3 info using node@v0.10.30
4 verbose node symlink D:\Program Files\nodejs\\node.exe
5 warn package.json domestic@0.0.0 No repository field.
6 warn package.json domestic@0.0.0 No README data
7 verbose readDependencies using package.json deps
8 verbose install where, deps [ 'E:\\node',
8 verbose install   [ 'express',
8 verbose install     'multiparty',
8 verbose install     'mongodb',
8 verbose install     'mysql',
8 verbose install     'redis',
8 verbose install     'hiredis',
8 verbose install     'async' ] ]
9 info preinstall domestic@0.0.0
10 verbose readDependencies using package.json deps
11 verbose already installed skipping express@>=4.12.2 E:\node
12 verbose already installed skipping multiparty@>=4.1.1 E:\node
13 verbose already installed skipping mongodb@~2.0 E:\node
14 verbose already installed skipping mysql@2.6.2 E:\node
15 verbose already installed skipping redis@ E:\node
16 verbose cache add [ 'hiredis@', null ]
17 verbose cache add name=undefined spec="hiredis@" args=["hiredis@",null]
18 verbose parsed url { protocol: null,
18 verbose parsed url   slashes: null,
18 verbose parsed url   auth: null,
18 verbose parsed url   host: null,
18 verbose parsed url   port: null,
18 verbose parsed url   hostname: null,
18 verbose parsed url   hash: null,
18 verbose parsed url   search: null,
18 verbose parsed url   query: null,
18 verbose parsed url   pathname: 'hiredis@',
18 verbose parsed url   path: 'hiredis@',
18 verbose parsed url   href: 'hiredis@' }
19 verbose already installed skipping async@ E:\node
20 verbose cache add name="hiredis" spec="" args=["hiredis",""]
21 verbose parsed url { protocol: null,
21 verbose parsed url   slashes: null,
21 verbose parsed url   auth: null,
21 verbose parsed url   host: null,
21 verbose parsed url   port: null,
21 verbose parsed url   hostname: null,
21 verbose parsed url   hash: null,
21 verbose parsed url   search: null,
21 verbose parsed url   query: null,
21 verbose parsed url   pathname: null,
21 verbose parsed url   path: null,
21 verbose parsed url   href: '' }
22 verbose addNamed [ 'hiredis', '' ]
23 verbose addNamed [ null, '*' ]
24 silly lockFile dc014615-hiredis hiredis@
25 verbose lock hiredis@ d:\Users\sun.lu\AppData\Roaming\npm-cache\dc014615-hiredis.lock
26 silly addNameRange { name: 'hiredis', range: '*', hasData: false }
27 verbose request where is /hiredis
28 verbose request registry https://registry.npmjs.org/
29 verbose request id 1a31a978a25326b2
30 verbose url raw /hiredis
31 verbose url resolving [ 'https://registry.npmjs.org/', './hiredis' ]
32 verbose url resolved https://registry.npmjs.org/hiredis
33 verbose request where is https://registry.npmjs.org/hiredis
34 info trying registry request attempt 1 at 17:11:40
35 verbose etag "BA2R61SWXRBTOFH59H43464JG"
36 http GET https://registry.npmjs.org/hiredis
37 http 304 https://registry.npmjs.org/hiredis
38 silly registry.get cb [ 304,
38 silly registry.get   { date: 'Mon, 27 Apr 2015 09:11:41 GMT',
38 silly registry.get     server: 'Apache',
38 silly registry.get     via: '1.1 varnish',
38 silly registry.get     'last-modified': 'Mon, 27 Apr 2015 09:11:41 GMT',
38 silly registry.get     'cache-control': 'max-age=60',
38 silly registry.get     etag: '"BA2R61SWXRBTOFH59H43464JG"',
38 silly registry.get     age: '0',
38 silly registry.get     'x-served-by': 'cache-nrt6122-NRT',
38 silly registry.get     'x-cache': 'HIT',
38 silly registry.get     'x-cache-hits': '1',
38 silly registry.get     'x-timer': 'S1430125901.395521,VS0,VE102',
38 silly registry.get     vary: 'Accept',
38 silly registry.get     'content-length': '0',
38 silly registry.get     'keep-alive': 'timeout=10, max=50',
38 silly registry.get     connection: 'Keep-Alive' } ]
39 verbose etag https://registry.npmjs.org/hiredis from cache
40 silly addNameRange number 2 { name: 'hiredis', range: '*', hasData: true }
41 silly addNameRange versions [ 'hiredis',
41 silly addNameRange   [ '0.1.0',
41 silly addNameRange     '0.1.1',
41 silly addNameRange     '0.1.2',
41 silly addNameRange     '0.1.3',
41 silly addNameRange     '0.1.4',
41 silly addNameRange     '0.1.5',
41 silly addNameRange     '0.1.6',
41 silly addNameRange     '0.1.8',
41 silly addNameRange     '0.1.9',
41 silly addNameRange     '0.1.10',
41 silly addNameRange     '0.1.12',
41 silly addNameRange     '0.1.13',
41 silly addNameRange     '0.1.14',
41 silly addNameRange     '0.1.15',
41 silly addNameRange     '0.1.16',
41 silly addNameRange     '0.1.17',
41 silly addNameRange     '0.2.0',
41 silly addNameRange     '0.3.0' ] ]
42 verbose addNamed [ 'hiredis', '0.3.0' ]
43 verbose addNamed [ '0.3.0', '0.3.0' ]
44 silly lockFile 98044a90-hiredis-0-3-0 hiredis@0.3.0
45 verbose lock hiredis@0.3.0 d:\Users\sun.lu\AppData\Roaming\npm-cache\98044a90-hiredis-0-3-0.lock
46 silly lockFile 98044a90-hiredis-0-3-0 hiredis@0.3.0
47 silly lockFile 98044a90-hiredis-0-3-0 hiredis@0.3.0
48 silly lockFile dc014615-hiredis hiredis@
49 silly lockFile dc014615-hiredis hiredis@
50 silly resolved [ { name: 'hiredis',
50 silly resolved     description: 'Wrapper for reply processing code in hiredis',
50 silly resolved     version: '0.3.0',
50 silly resolved     homepage: 'http://github.com/redis/hiredis-node',
50 silly resolved     author: { name: 'Jan-Erik Rediger', email: 'janerik@fnordig.de' },
50 silly resolved     contributors: [ [Object] ],
50 silly resolved     main: 'hiredis',
50 silly resolved     scripts:
50 silly resolved      { test: 'node test/reader.js && node test/writer.js',
50 silly resolved        install: 'node-gyp rebuild' },
50 silly resolved     dependencies: { bindings: '*', nan: '~1.5.0' },
50 silly resolved     engines: { node: '>= 0.8.0' },
50 silly resolved     repository:
50 silly resolved      { type: 'git',
50 silly resolved        url: 'https://github.com/redis/hiredis-node.git' },
50 silly resolved     bugs: { url: 'https://github.com/redis/hiredis-node/issues' },
50 silly resolved     licenses: [ [Object] ],
50 silly resolved     gypfile: true,
50 silly resolved     gitHead: '5f8769748a81ed4d1b256798f7675f2651f0fbae',
50 silly resolved     _id: 'hiredis@0.3.0',
50 silly resolved     _shasum: '8981aa09d0f9d7e00c88ceec72ece68444f412d9',
50 silly resolved     _from: 'hiredis@',
50 silly resolved     _npmVersion: '2.7.4',
50 silly resolved     _nodeVersion: '0.12.2',
50 silly resolved     _npmUser: { name: 'badboy_', email: 'janerik@fnordig.de' },
50 silly resolved     maintainers: [ [Object], [Object] ],
50 silly resolved     dist:
50 silly resolved      { shasum: '8981aa09d0f9d7e00c88ceec72ece68444f412d9',
50 silly resolved        tarball: 'http://registry.npmjs.org/hiredis/-/hiredis-0.3.0.tgz' },
50 silly resolved     directories: {},
50 silly resolved     _resolved: 'https://registry.npmjs.org/hiredis/-/hiredis-0.3.0.tgz',
50 silly resolved     readme: 'ERROR: No README data found!' } ]
51 info install hiredis@0.3.0 into E:\node
52 info installOne hiredis@0.3.0
53 verbose node_modules\hiredis unbuild
54 verbose tar unpack d:\Users\sun.lu\AppData\Roaming\npm-cache\hiredis\0.3.0\package.tgz
55 silly lockFile 1630fe22-tar-E-node-node-modules-hiredis tar://E:\node\node_modules\hiredis
56 verbose lock tar://E:\node\node_modules\hiredis d:\Users\sun.lu\AppData\Roaming\npm-cache\1630fe22-tar-E-node-node-modules-hiredis.lock
57 silly lockFile ff2386f4--cache-hiredis-0-3-0-package-tgz tar://d:\Users\sun.lu\AppData\Roaming\npm-cache\hiredis\0.3.0\package.tgz
58 verbose lock tar://d:\Users\sun.lu\AppData\Roaming\npm-cache\hiredis\0.3.0\package.tgz d:\Users\sun.lu\AppData\Roaming\npm-cache\ff2386f4--cache-hiredis-0-3-0-package-tgz.lock
59 silly gunzTarPerm modes [ '777', '666' ]
60 silly gunzTarPerm extractEntry package.json
61 silly gunzTarPerm modified mode [ 'package.json', 420, 438 ]
62 silly gunzTarPerm extractEntry .npmignore
63 silly gunzTarPerm modified mode [ '.npmignore', 420, 438 ]
64 silly gunzTarPerm extractEntry README.md
65 silly gunzTarPerm modified mode [ 'README.md', 420, 438 ]
66 silly gunzTarPerm extractEntry bench.js
67 silly gunzTarPerm modified mode [ 'bench.js', 420, 438 ]
68 silly gunzTarPerm extractEntry hiredis.js
69 silly gunzTarPerm modified mode [ 'hiredis.js', 420, 438 ]
70 silly gunzTarPerm extractEntry binding.gyp
71 silly gunzTarPerm modified mode [ 'binding.gyp', 420, 438 ]
72 silly gunzTarPerm extractEntry Makefile
73 silly gunzTarPerm modified mode [ 'Makefile', 420, 438 ]
74 silly gunzTarPerm extractEntry appveyor.yml
75 silly gunzTarPerm modified mode [ 'appveyor.yml', 420, 438 ]
76 silly gunzTarPerm extractEntry .gitmodules
77 silly gunzTarPerm modified mode [ '.gitmodules', 420, 438 ]
78 silly gunzTarPerm extractEntry .travis.yml
79 silly gunzTarPerm modified mode [ '.travis.yml', 420, 438 ]
80 silly gunzTarPerm extractEntry deps/hiredis/.npmignore
81 silly gunzTarPerm modified mode [ 'deps/hiredis/.npmignore', 420, 438 ]
82 silly gunzTarPerm extractEntry deps/hiredis/README.md
83 silly gunzTarPerm modified mode [ 'deps/hiredis/README.md', 420, 438 ]
84 silly gunzTarPerm extractEntry deps/hiredis/CHANGELOG.md
85 silly gunzTarPerm modified mode [ 'deps/hiredis/CHANGELOG.md', 420, 438 ]
86 silly gunzTarPerm extractEntry deps/hiredis/COPYING
87 silly gunzTarPerm modified mode [ 'deps/hiredis/COPYING', 420, 438 ]
88 silly gunzTarPerm extractEntry deps/hiredis/Makefile
89 silly gunzTarPerm modified mode [ 'deps/hiredis/Makefile', 420, 438 ]
90 silly gunzTarPerm extractEntry deps/hiredis/win32.h
91 silly gunzTarPerm modified mode [ 'deps/hiredis/win32.h', 420, 438 ]
92 silly gunzTarPerm extractEntry deps/hiredis/adapters/ae.h
93 silly gunzTarPerm modified mode [ 'deps/hiredis/adapters/ae.h', 420, 438 ]
94 silly gunzTarPerm extractEntry deps/hiredis/adapters/glib.h
95 silly gunzTarPerm modified mode [ 'deps/hiredis/adapters/glib.h', 420, 438 ]
96 silly gunzTarPerm extractEntry deps/hiredis/adapters/libev.h
97 silly gunzTarPerm modified mode [ 'deps/hiredis/adapters/libev.h', 420, 438 ]
98 silly gunzTarPerm extractEntry deps/hiredis/adapters/libevent.h
99 silly gunzTarPerm modified mode [ 'deps/hiredis/adapters/libevent.h', 420, 438 ]
100 silly gunzTarPerm extractEntry deps/hiredis/adapters/libuv.h
101 silly gunzTarPerm modified mode [ 'deps/hiredis/adapters/libuv.h', 420, 438 ]
102 silly gunzTarPerm extractEntry deps/hiredis/async.c
103 silly gunzTarPerm modified mode [ 'deps/hiredis/async.c', 420, 438 ]
104 silly gunzTarPerm extractEntry deps/hiredis/async.h
105 silly gunzTarPerm modified mode [ 'deps/hiredis/async.h', 420, 438 ]
106 silly gunzTarPerm extractEntry deps/hiredis/dict.c
107 silly gunzTarPerm modified mode [ 'deps/hiredis/dict.c', 420, 438 ]
108 silly gunzTarPerm extractEntry deps/hiredis/dict.h
109 silly gunzTarPerm modified mode [ 'deps/hiredis/dict.h', 420, 438 ]
110 silly gunzTarPerm extractEntry deps/hiredis/.travis.yml
111 silly gunzTarPerm modified mode [ 'deps/hiredis/.travis.yml', 420, 438 ]
112 silly gunzTarPerm extractEntry deps/hiredis/fmacros.h
113 silly gunzTarPerm modified mode [ 'deps/hiredis/fmacros.h', 420, 438 ]
114 silly gunzTarPerm extractEntry deps/hiredis/hiredis.c
115 silly gunzTarPerm modified mode [ 'deps/hiredis/hiredis.c', 420, 438 ]
116 silly gunzTarPerm extractEntry deps/hiredis/hiredis.h
117 silly gunzTarPerm modified mode [ 'deps/hiredis/hiredis.h', 420, 438 ]
118 silly gunzTarPerm extractEntry deps/hiredis/net.c
119 silly gunzTarPerm modified mode [ 'deps/hiredis/net.c', 420, 438 ]
120 silly gunzTarPerm extractEntry deps/hiredis/net.h
121 silly gunzTarPerm modified mode [ 'deps/hiredis/net.h', 420, 438 ]
122 silly gunzTarPerm extractEntry deps/hiredis/read.c
123 silly gunzTarPerm modified mode [ 'deps/hiredis/read.c', 420, 438 ]
124 silly gunzTarPerm extractEntry deps/hiredis/read.h
125 silly gunzTarPerm modified mode [ 'deps/hiredis/read.h', 420, 438 ]
126 silly gunzTarPerm extractEntry deps/hiredis/sds.c
127 silly gunzTarPerm modified mode [ 'deps/hiredis/sds.c', 420, 438 ]
128 silly gunzTarPerm extractEntry deps/hiredis/sds.h
129 silly gunzTarPerm modified mode [ 'deps/hiredis/sds.h', 420, 438 ]
130 silly gunzTarPerm extractEntry deps/hiredis/test.c
131 silly gunzTarPerm modified mode [ 'deps/hiredis/test.c', 420, 438 ]
132 silly gunzTarPerm extractEntry deps/hiredis/examples/example-ae.c
133 silly gunzTarPerm modified mode [ 'deps/hiredis/examples/example-ae.c', 420, 438 ]
134 silly gunzTarPerm extractEntry deps/hiredis/examples/example-glib.c
135 silly gunzTarPerm modified mode [ 'deps/hiredis/examples/example-glib.c', 420, 438 ]
136 silly gunzTarPerm extractEntry deps/hiredis/examples/example-libev.c
137 silly gunzTarPerm modified mode [ 'deps/hiredis/examples/example-libev.c', 420, 438 ]
138 silly gunzTarPerm extractEntry deps/hiredis/examples/example-libevent.c
139 silly gunzTarPerm modified mode [ 'deps/hiredis/examples/example-libevent.c', 420, 438 ]
140 silly gunzTarPerm extractEntry deps/hiredis/examples/example-libuv.c
141 silly gunzTarPerm modified mode [ 'deps/hiredis/examples/example-libuv.c', 420, 438 ]
142 silly gunzTarPerm extractEntry deps/hiredis/examples/example.c
143 silly gunzTarPerm modified mode [ 'deps/hiredis/examples/example.c', 420, 438 ]
144 silly gunzTarPerm extractEntry deps/hiredis.gyp
145 silly gunzTarPerm modified mode [ 'deps/hiredis.gyp', 420, 438 ]
146 silly gunzTarPerm extractEntry CHANGELOG.md
147 silly gunzTarPerm modified mode [ 'CHANGELOG.md', 420, 438 ]
148 silly gunzTarPerm extractEntry src/hiredis.cc
149 silly gunzTarPerm modified mode [ 'src/hiredis.cc', 420, 438 ]
150 silly gunzTarPerm extractEntry src/reader.cc
151 silly gunzTarPerm modified mode [ 'src/reader.cc', 420, 438 ]
152 silly gunzTarPerm extractEntry src/reader.h
153 silly gunzTarPerm modified mode [ 'src/reader.h', 420, 438 ]
154 silly gunzTarPerm extractEntry COPYING
155 silly gunzTarPerm modified mode [ 'COPYING', 420, 438 ]
156 silly gunzTarPerm extractEntry run-all.sh
157 silly gunzTarPerm modified mode [ 'run-all.sh', 493, 511 ]
158 silly gunzTarPerm extractEntry test/reader.js
159 silly gunzTarPerm modified mode [ 'test/reader.js', 420, 438 ]
160 silly gunzTarPerm extractEntry test/testlib.js
161 silly gunzTarPerm modified mode [ 'test/testlib.js', 420, 438 ]
162 silly gunzTarPerm extractEntry test/writer.js
163 silly gunzTarPerm modified mode [ 'test/writer.js', 420, 438 ]
164 silly lockFile 1630fe22-tar-E-node-node-modules-hiredis tar://E:\node\node_modules\hiredis
165 silly lockFile 1630fe22-tar-E-node-node-modules-hiredis tar://E:\node\node_modules\hiredis
166 silly lockFile ff2386f4--cache-hiredis-0-3-0-package-tgz tar://d:\Users\sun.lu\AppData\Roaming\npm-cache\hiredis\0.3.0\package.tgz
167 silly lockFile ff2386f4--cache-hiredis-0-3-0-package-tgz tar://d:\Users\sun.lu\AppData\Roaming\npm-cache\hiredis\0.3.0\package.tgz
168 info preinstall hiredis@0.3.0
169 verbose readDependencies using package.json deps
170 verbose readDependencies using package.json deps
171 verbose cache add [ 'bindings@*', null ]
172 verbose cache add name=undefined spec="bindings@*" args=["bindings@*",null]
173 verbose parsed url { protocol: null,
173 verbose parsed url   slashes: null,
173 verbose parsed url   auth: null,
173 verbose parsed url   host: null,
173 verbose parsed url   port: null,
173 verbose parsed url   hostname: null,
173 verbose parsed url   hash: null,
173 verbose parsed url   search: null,
173 verbose parsed url   query: null,
173 verbose parsed url   pathname: 'bindings@*',
173 verbose parsed url   path: 'bindings@*',
173 verbose parsed url   href: 'bindings@*' }
174 verbose cache add [ 'nan@~1.5.0', null ]
175 verbose cache add name=undefined spec="nan@~1.5.0" args=["nan@~1.5.0",null]
176 verbose parsed url { protocol: null,
176 verbose parsed url   slashes: null,
176 verbose parsed url   auth: null,
176 verbose parsed url   host: null,
176 verbose parsed url   port: null,
176 verbose parsed url   hostname: null,
176 verbose parsed url   hash: null,
176 verbose parsed url   search: null,
176 verbose parsed url   query: null,
176 verbose parsed url   pathname: 'nan@~1.5.0',
176 verbose parsed url   path: 'nan@~1.5.0',
176 verbose parsed url   href: 'nan@~1.5.0' }
177 verbose cache add name="bindings" spec="*" args=["bindings","*"]
178 verbose parsed url { protocol: null,
178 verbose parsed url   slashes: null,
178 verbose parsed url   auth: null,
178 verbose parsed url   host: null,
178 verbose parsed url   port: null,
178 verbose parsed url   hostname: null,
178 verbose parsed url   hash: null,
178 verbose parsed url   search: null,
178 verbose parsed url   query: null,
178 verbose parsed url   pathname: '*',
178 verbose parsed url   path: '*',
178 verbose parsed url   href: '*' }
179 verbose addNamed [ 'bindings', '*' ]
180 verbose addNamed [ null, '*' ]
181 silly lockFile a3858fc2-bindings bindings@*
182 verbose lock bindings@* d:\Users\sun.lu\AppData\Roaming\npm-cache\a3858fc2-bindings.lock
183 verbose cache add name="nan" spec="~1.5.0" args=["nan","~1.5.0"]
184 verbose parsed url { protocol: null,
184 verbose parsed url   slashes: null,
184 verbose parsed url   auth: null,
184 verbose parsed url   host: null,
184 verbose parsed url   port: null,
184 verbose parsed url   hostname: null,
184 verbose parsed url   hash: null,
184 verbose parsed url   search: null,
184 verbose parsed url   query: null,
184 verbose parsed url   pathname: '~1.5.0',
184 verbose parsed url   path: '~1.5.0',
184 verbose parsed url   href: '~1.5.0' }
185 verbose addNamed [ 'nan', '~1.5.0' ]
186 verbose addNamed [ null, '>=1.5.0-0 <1.6.0-0' ]
187 silly lockFile 3a5f8edc-nan-1-5-0 nan@~1.5.0
188 verbose lock nan@~1.5.0 d:\Users\sun.lu\AppData\Roaming\npm-cache\3a5f8edc-nan-1-5-0.lock
189 silly addNameRange { name: 'bindings', range: '*', hasData: false }
190 silly addNameRange { name: 'nan', range: '>=1.5.0-0 <1.6.0-0', hasData: false }
191 verbose request where is /bindings
192 verbose request registry https://registry.npmjs.org/
193 verbose url raw /bindings
194 verbose url resolving [ 'https://registry.npmjs.org/', './bindings' ]
195 verbose url resolved https://registry.npmjs.org/bindings
196 verbose request where is https://registry.npmjs.org/bindings
197 info trying registry request attempt 1 at 17:11:42
198 verbose etag "5997G8NY1OJEMZ1HNHL7VBX5J"
199 http GET https://registry.npmjs.org/bindings
200 verbose request where is /nan
201 verbose request registry https://registry.npmjs.org/
202 verbose url raw /nan
203 verbose url resolving [ 'https://registry.npmjs.org/', './nan' ]
204 verbose url resolved https://registry.npmjs.org/nan
205 verbose request where is https://registry.npmjs.org/nan
206 info trying registry request attempt 1 at 17:11:42
207 verbose etag "D9X1WVB37H5NYMOI61FHEOYM0"
208 http GET https://registry.npmjs.org/nan
209 http 304 https://registry.npmjs.org/bindings
210 silly registry.get cb [ 304,
210 silly registry.get   { date: 'Mon, 27 Apr 2015 09:11:42 GMT',
210 silly registry.get     server: 'Apache',
210 silly registry.get     via: '1.1 varnish',
210 silly registry.get     'last-modified': 'Mon, 27 Apr 2015 09:11:42 GMT',
210 silly registry.get     'cache-control': 'max-age=60',
210 silly registry.get     etag: '"5997G8NY1OJEMZ1HNHL7VBX5J"',
210 silly registry.get     age: '59',
210 silly registry.get     'x-served-by': 'cache-nrt6123-NRT',
210 silly registry.get     'x-cache': 'HIT',
210 silly registry.get     'x-cache-hits': '1',
210 silly registry.get     'x-timer': 'S1430125902.711474,VS0,VE0',
210 silly registry.get     vary: 'Accept',
210 silly registry.get     'content-length': '0',
210 silly registry.get     'keep-alive': 'timeout=10, max=50',
210 silly registry.get     connection: 'Keep-Alive' } ]
211 verbose etag https://registry.npmjs.org/bindings from cache
212 http 304 https://registry.npmjs.org/nan
213 silly registry.get cb [ 304,
213 silly registry.get   { date: 'Mon, 27 Apr 2015 09:11:42 GMT',
213 silly registry.get     server: 'Apache',
213 silly registry.get     via: '1.1 varnish',
213 silly registry.get     'last-modified': 'Mon, 27 Apr 2015 08:34:35 GMT',
213 silly registry.get     'cache-control': 'max-age=60',
213 silly registry.get     etag: '"D9X1WVB37H5NYMOI61FHEOYM0"',
213 silly registry.get     age: '38',
213 silly registry.get     'x-served-by': 'cache-nrt6123-NRT',
213 silly registry.get     'x-cache': 'HIT',
213 silly registry.get     'x-cache-hits': '331',
213 silly registry.get     'x-timer': 'S1430125902.720849,VS0,VE0',
213 silly registry.get     vary: 'Accept',
213 silly registry.get     'content-length': '0',
213 silly registry.get     'keep-alive': 'timeout=10, max=50',
213 silly registry.get     connection: 'Keep-Alive' } ]
214 verbose etag https://registry.npmjs.org/nan from cache
215 silly addNameRange number 2 { name: 'bindings', range: '*', hasData: true }
216 silly addNameRange versions [ 'bindings',
216 silly addNameRange   [ '0.0.1',
216 silly addNameRange     '0.1.0',
216 silly addNameRange     '0.1.1',
216 silly addNameRange     '0.2.0',
216 silly addNameRange     '0.2.1',
216 silly addNameRange     '0.2.2',
216 silly addNameRange     '0.2.3',
216 silly addNameRange     '0.2.4',
216 silly addNameRange     '0.3.0',
216 silly addNameRange     '0.4.0',
216 silly addNameRange     '1.0.0',
216 silly addNameRange     '1.1.0',
216 silly addNameRange     '1.1.1',
216 silly addNameRange     '1.2.0',
216 silly addNameRange     '1.2.1' ] ]
217 verbose addNamed [ 'bindings', '1.2.1' ]
218 verbose addNamed [ '1.2.1', '1.2.1' ]
219 silly lockFile e9060511-bindings-1-2-1 bindings@1.2.1
220 verbose lock bindings@1.2.1 d:\Users\sun.lu\AppData\Roaming\npm-cache\e9060511-bindings-1-2-1.lock
221 silly addNameRange number 2 { name: 'nan', range: '>=1.5.0-0 <1.6.0-0', hasData: true }
222 silly addNameRange versions [ 'nan',
222 silly addNameRange   [ '0.3.0-wip',
222 silly addNameRange     '0.3.0-wip2',
222 silly addNameRange     '0.3.0',
222 silly addNameRange     '0.3.1',
222 silly addNameRange     '0.3.2',
222 silly addNameRange     '0.4.0',
222 silly addNameRange     '0.4.1',
222 silly addNameRange     '0.4.2',
222 silly addNameRange     '0.4.3',
222 silly addNameRange     '0.4.4',
222 silly addNameRange     '0.5.0',
222 silly addNameRange     '0.5.1',
222 silly addNameRange     '0.5.2',
222 silly addNameRange     '0.6.0',
222 silly addNameRange     '0.7.0',
222 silly addNameRange     '0.7.1',
222 silly addNameRange     '0.8.0',
222 silly addNameRange     '1.0.0',
222 silly addNameRange     '1.1.0',
222 silly addNameRange     '1.1.1',
222 silly addNameRange     '1.1.2',
222 silly addNameRange     '1.2.0',
222 silly addNameRange     '1.3.0',
222 silly addNameRange     '1.4.0',
222 silly addNameRange     '1.4.1',
222 silly addNameRange     '1.5.0',
222 silly addNameRange     '1.4.2',
222 silly addNameRange     '1.4.3',
222 silly addNameRange     '1.5.1',
222 silly addNameRange     '1.5.2',
222 silly addNameRange     '1.6.0',
222 silly addNameRange     '1.5.3',
222 silly addNameRange     '1.6.1',
222 silly addNameRange     '1.6.2',
222 silly addNameRange     '1.7.0',
222 silly addNameRange     '1.8.0',
222 silly addNameRange     '1.8.1',
222 silly addNameRange     '1.8.2',
222 silly addNameRange     '1.8.3',
222 silly addNameRange     '1.8.4' ] ]
223 verbose addNamed [ 'nan', '1.5.3' ]
224 verbose addNamed [ '1.5.3', '1.5.3' ]
225 silly lockFile 8d6a9e94-nan-1-5-3 nan@1.5.3
226 verbose lock nan@1.5.3 d:\Users\sun.lu\AppData\Roaming\npm-cache\8d6a9e94-nan-1-5-3.lock
227 silly lockFile e9060511-bindings-1-2-1 bindings@1.2.1
228 silly lockFile e9060511-bindings-1-2-1 bindings@1.2.1
229 silly lockFile a3858fc2-bindings bindings@*
230 silly lockFile a3858fc2-bindings bindings@*
231 silly lockFile 8d6a9e94-nan-1-5-3 nan@1.5.3
232 silly lockFile 8d6a9e94-nan-1-5-3 nan@1.5.3
233 silly lockFile 3a5f8edc-nan-1-5-0 nan@~1.5.0
234 silly lockFile 3a5f8edc-nan-1-5-0 nan@~1.5.0
235 silly resolved [ { name: 'bindings',
235 silly resolved     description: 'Helper module for loading your native module\'s .node file',
235 silly resolved     keywords: [ 'native', 'addon', 'bindings', 'gyp', 'waf', 'c', 'c++' ],
235 silly resolved     version: '1.2.1',
235 silly resolved     author:
235 silly resolved      { name: 'Nathan Rajlich',
235 silly resolved        email: 'nathan@tootallnate.net',
235 silly resolved        url: 'http://tootallnate.net' },
235 silly resolved     repository:
235 silly resolved      { type: 'git',
235 silly resolved        url: 'git://github.com/TooTallNate/node-bindings.git' },
235 silly resolved     main: './bindings.js',
235 silly resolved     bugs: { url: 'https://github.com/TooTallNate/node-bindings/issues' },
235 silly resolved     homepage: 'https://github.com/TooTallNate/node-bindings',
235 silly resolved     license: 'MIT',
235 silly resolved     gitHead: 'e404152ee27f8478ccbc7122ee051246e8e5ec02',
235 silly resolved     _id: 'bindings@1.2.1',
235 silly resolved     scripts: {},
235 silly resolved     _shasum: '14ad6113812d2d37d72e67b4cacb4bb726505f11',
235 silly resolved     _from: 'bindings@*',
235 silly resolved     _npmVersion: '1.4.14',
235 silly resolved     _npmUser: { name: 'tootallnate', email: 'nathan@tootallnate.net' },
235 silly resolved     maintainers: [ [Object], [Object] ],
235 silly resolved     dist:
235 silly resolved      { shasum: '14ad6113812d2d37d72e67b4cacb4bb726505f11',
235 silly resolved        tarball: 'http://registry.npmjs.org/bindings/-/bindings-1.2.1.tgz' },
235 silly resolved     directories: {},
235 silly resolved     _resolved: 'https://registry.npmjs.org/bindings/-/bindings-1.2.1.tgz',
235 silly resolved     readme: 'ERROR: No README data found!' },
235 silly resolved   { name: 'nan',
235 silly resolved     version: '1.5.3',
235 silly resolved     description: 'Native Abstractions for Node.js: C++ header for Node 0.8->0.12 compatibility',
235 silly resolved     main: 'include_dirs.js',
235 silly resolved     repository: { type: 'git', url: 'git://github.com/rvagg/nan.git' },
235 silly resolved     scripts:
235 silly resolved      { test: 'tap --gc test/js/*-test.js',
235 silly resolved        'rebuild-tests': 'node-gyp rebuild --directory test' },
235 silly resolved     contributors:
235 silly resolved      [ [Object],
235 silly resolved        [Object],
235 silly resolved        [Object],
235 silly resolved        [Object],
235 silly resolved        [Object],
235 silly resolved        [Object],
235 silly resolved        [Object] ],
235 silly resolved     devDependencies:
235 silly resolved      { bindings: '~1.2.1',
235 silly resolved        'node-gyp': '~1.0.2',
235 silly resolved        tap: '~0.5.0',
235 silly resolved        xtend: '~4.0.0' },
235 silly resolved     license: 'MIT',
235 silly resolved     gitHead: '28ea7e1b769f790c69deaf141b47e4d41e176e8b',
235 silly resolved     bugs: { url: 'https://github.com/rvagg/nan/issues' },
235 silly resolved     homepage: 'https://github.com/rvagg/nan',
235 silly resolved     _id: 'nan@1.5.3',
235 silly resolved     _shasum: '4cd0ecc133b7b0700a492a646add427ae8a318eb',
235 silly resolved     _from: 'nan@~1.5.0',
235 silly resolved     _npmVersion: '2.1.18',
235 silly resolved     _nodeVersion: '1.0.3',
235 silly resolved     _npmUser: { name: 'rvagg', email: 'rod@vagg.org' },
235 silly resolved     maintainers: [ [Object], [Object] ],
235 silly resolved     dist:
235 silly resolved      { shasum: '4cd0ecc133b7b0700a492a646add427ae8a318eb',
235 silly resolved        tarball: 'http://registry.npmjs.org/nan/-/nan-1.5.3.tgz' },
235 silly resolved     directories: {},
235 silly resolved     _resolved: 'https://registry.npmjs.org/nan/-/nan-1.5.3.tgz',
235 silly resolved     readme: 'ERROR: No README data found!' } ]
236 info install bindings@1.2.1 into E:\node\node_modules\hiredis
237 info install nan@1.5.3 into E:\node\node_modules\hiredis
238 info installOne bindings@1.2.1
239 info installOne nan@1.5.3
240 verbose node_modules\hiredis\node_modules\bindings unbuild
241 verbose node_modules\hiredis\node_modules\nan unbuild
242 verbose tar unpack d:\Users\sun.lu\AppData\Roaming\npm-cache\bindings\1.2.1\package.tgz
243 silly lockFile 63e945b6-es-hiredis-node-modules-bindings tar://E:\node\node_modules\hiredis\node_modules\bindings
244 verbose lock tar://E:\node\node_modules\hiredis\node_modules\bindings d:\Users\sun.lu\AppData\Roaming\npm-cache\63e945b6-es-hiredis-node-modules-bindings.lock
245 silly lockFile 007b2303-cache-bindings-1-2-1-package-tgz tar://d:\Users\sun.lu\AppData\Roaming\npm-cache\bindings\1.2.1\package.tgz
246 verbose lock tar://d:\Users\sun.lu\AppData\Roaming\npm-cache\bindings\1.2.1\package.tgz d:\Users\sun.lu\AppData\Roaming\npm-cache\007b2303-cache-bindings-1-2-1-package-tgz.lock
247 verbose tar unpack d:\Users\sun.lu\AppData\Roaming\npm-cache\nan\1.5.3\package.tgz
248 silly lockFile 0a06763c-modules-hiredis-node-modules-nan tar://E:\node\node_modules\hiredis\node_modules\nan
249 verbose lock tar://E:\node\node_modules\hiredis\node_modules\nan d:\Users\sun.lu\AppData\Roaming\npm-cache\0a06763c-modules-hiredis-node-modules-nan.lock
250 silly lockFile 54f166b7--npm-cache-nan-1-5-3-package-tgz tar://d:\Users\sun.lu\AppData\Roaming\npm-cache\nan\1.5.3\package.tgz
251 verbose lock tar://d:\Users\sun.lu\AppData\Roaming\npm-cache\nan\1.5.3\package.tgz d:\Users\sun.lu\AppData\Roaming\npm-cache\54f166b7--npm-cache-nan-1-5-3-package-tgz.lock
252 silly gunzTarPerm modes [ '777', '666' ]
253 silly gunzTarPerm modes [ '777', '666' ]
254 silly gunzTarPerm extractEntry package.json
255 silly gunzTarPerm modified mode [ 'package.json', 436, 438 ]
256 silly gunzTarPerm extractEntry README.md
257 silly gunzTarPerm modified mode [ 'README.md', 436, 438 ]
258 silly gunzTarPerm extractEntry include_dirs.js
259 silly gunzTarPerm modified mode [ 'include_dirs.js', 420, 438 ]
260 silly gunzTarPerm extractEntry LICENSE.md
261 silly gunzTarPerm modified mode [ 'LICENSE.md', 436, 438 ]
262 silly gunzTarPerm extractEntry .dntrc
263 silly gunzTarPerm modified mode [ '.dntrc', 436, 438 ]
264 silly gunzTarPerm extractEntry appveyor.yml
265 silly gunzTarPerm modified mode [ 'appveyor.yml', 436, 438 ]
266 silly gunzTarPerm extractEntry nan.h
267 silly gunzTarPerm modified mode [ 'nan.h', 436, 438 ]
268 silly gunzTarPerm extractEntry nan_implementation_12_inl.h
269 silly gunzTarPerm modified mode [ 'nan_implementation_12_inl.h', 436, 438 ]
270 silly gunzTarPerm extractEntry nan_implementation_pre_12_inl.h
271 silly gunzTarPerm modified mode [ 'nan_implementation_pre_12_inl.h', 436, 438 ]
272 silly gunzTarPerm extractEntry nan_new.h
273 silly gunzTarPerm modified mode [ 'nan_new.h', 436, 438 ]
274 silly gunzTarPerm extractEntry CHANGELOG.md
275 silly gunzTarPerm modified mode [ 'CHANGELOG.md', 436, 438 ]
276 silly gunzTarPerm extractEntry package.json
277 silly gunzTarPerm modified mode [ 'package.json', 420, 438 ]
278 silly gunzTarPerm extractEntry README.md
279 silly gunzTarPerm modified mode [ 'README.md', 420, 438 ]
280 silly gunzTarPerm extractEntry bindings.js
281 silly gunzTarPerm modified mode [ 'bindings.js', 420, 438 ]
282 silly lockFile 63e945b6-es-hiredis-node-modules-bindings tar://E:\node\node_modules\hiredis\node_modules\bindings
283 silly lockFile 63e945b6-es-hiredis-node-modules-bindings tar://E:\node\node_modules\hiredis\node_modules\bindings
284 silly lockFile 007b2303-cache-bindings-1-2-1-package-tgz tar://d:\Users\sun.lu\AppData\Roaming\npm-cache\bindings\1.2.1\package.tgz
285 silly lockFile 007b2303-cache-bindings-1-2-1-package-tgz tar://d:\Users\sun.lu\AppData\Roaming\npm-cache\bindings\1.2.1\package.tgz
286 info preinstall bindings@1.2.1
287 verbose readDependencies using package.json deps
288 verbose readDependencies using package.json deps
289 silly resolved []
290 verbose about to build E:\node\node_modules\hiredis\node_modules\bindings
291 info build E:\node\node_modules\hiredis\node_modules\bindings
292 verbose linkStuff [ false,
292 verbose linkStuff   false,
292 verbose linkStuff   false,
292 verbose linkStuff   'E:\\node\\node_modules\\hiredis\\node_modules' ]
293 info linkStuff bindings@1.2.1
294 verbose linkBins bindings@1.2.1
295 verbose linkMans bindings@1.2.1
296 verbose rebuildBundles bindings@1.2.1
297 info install bindings@1.2.1
298 info postinstall bindings@1.2.1
299 silly lockFile 0a06763c-modules-hiredis-node-modules-nan tar://E:\node\node_modules\hiredis\node_modules\nan
300 silly lockFile 0a06763c-modules-hiredis-node-modules-nan tar://E:\node\node_modules\hiredis\node_modules\nan
301 silly lockFile 54f166b7--npm-cache-nan-1-5-3-package-tgz tar://d:\Users\sun.lu\AppData\Roaming\npm-cache\nan\1.5.3\package.tgz
302 silly lockFile 54f166b7--npm-cache-nan-1-5-3-package-tgz tar://d:\Users\sun.lu\AppData\Roaming\npm-cache\nan\1.5.3\package.tgz
303 info preinstall nan@1.5.3
304 verbose readDependencies using package.json deps
305 verbose readDependencies using package.json deps
306 silly resolved []
307 verbose about to build E:\node\node_modules\hiredis\node_modules\nan
308 info build E:\node\node_modules\hiredis\node_modules\nan
309 verbose linkStuff [ false,
309 verbose linkStuff   false,
309 verbose linkStuff   false,
309 verbose linkStuff   'E:\\node\\node_modules\\hiredis\\node_modules' ]
310 info linkStuff nan@1.5.3
311 verbose linkBins nan@1.5.3
312 verbose linkMans nan@1.5.3
313 verbose rebuildBundles nan@1.5.3
314 info install nan@1.5.3
315 info postinstall nan@1.5.3
316 verbose about to build E:\node\node_modules\hiredis
317 info build E:\node\node_modules\hiredis
318 verbose linkStuff [ false, false, false, 'E:\\node\\node_modules' ]
319 info linkStuff hiredis@0.3.0
320 verbose linkBins hiredis@0.3.0
321 verbose linkMans hiredis@0.3.0
322 verbose rebuildBundles hiredis@0.3.0
323 verbose rebuildBundles [ 'bindings', 'nan' ]
324 info install hiredis@0.3.0
325 verbose unsafe-perm in lifecycle true
326 info hiredis@0.3.0 Failed to exec install script
327 verbose node_modules\hiredis unbuild
328 info preuninstall hiredis@0.3.0
329 info uninstall hiredis@0.3.0
330 verbose true,E:\node\node_modules,E:\node\node_modules unbuild hiredis@0.3.0
331 info postuninstall hiredis@0.3.0
332 error hiredis@0.3.0 install: `node-gyp rebuild`
332 error Exit status 1
333 error Failed at the hiredis@0.3.0 install script.
333 error This is most likely a problem with the hiredis package,
333 error not with npm itself.
333 error Tell the author that this fails on your system:
333 error     node-gyp rebuild
333 error You can get their info via:
333 error     npm owner ls hiredis
333 error There is likely additional logging output above.
334 error System Windows_NT 6.1.7601
335 error command "D:\\Program Files\\nodejs\\\\node.exe" "D:\\Program Files\\nodejs\\node_modules\\npm\\bin\\npm-cli.js" "install"
336 error cwd E:\node\manage
337 error node -v v0.10.30
338 error npm -v 1.4.21
339 error code ELIFECYCLE
340 verbose exit [ 1, true ]
